nohup: ignoring input
[I 2025-01-24 11:41:46.274 ServerApp] jupyter_lsp | extension was successfully linked.
[I 2025-01-24 11:41:46.287 ServerApp] jupyter_server_terminals | extension was successfully linked.
[I 2025-01-24 11:41:46.296 ServerApp] jupyterlab | extension was successfully linked.
[I 2025-01-24 11:41:46.299 ServerApp] Writing Jupyter server cookie secret to /home/ec2-user/.local/share/jupyter/runtime/jupyter_cookie_secret
[I 2025-01-24 11:41:46.944 ServerApp] notebook_shim | extension was successfully linked.
[I 2025-01-24 11:41:46.981 ServerApp] notebook_shim | extension was successfully loaded.
[I 2025-01-24 11:41:46.988 ServerApp] jupyter_lsp | extension was successfully loaded.
[I 2025-01-24 11:41:46.990 ServerApp] jupyter_server_terminals | extension was successfully loaded.
[I 2025-01-24 11:41:46.993 LabApp] JupyterLab extension loaded from /home/ec2-user/environment/jupyterlab-venv/lib64/python3.9/site-packages/jupyterlab
[I 2025-01-24 11:41:46.993 LabApp] JupyterLab application directory is /home/ec2-user/environment/jupyterlab-venv/share/jupyter/lab
[I 2025-01-24 11:41:46.994 LabApp] Extension Manager is 'pypi'.
[I 2025-01-24 11:41:47.001 ServerApp] jupyterlab | extension was successfully loaded.
[I 2025-01-24 11:41:47.003 ServerApp] Serving notebooks from local directory: /home/ec2-user/environment
[I 2025-01-24 11:41:47.003 ServerApp] Jupyter Server 2.15.0 is running at:
[I 2025-01-24 11:41:47.003 ServerApp] http://ip-10-0-1-124.ec2.internal:8888/lab?token=ce6d7b5aec343615a580e9a5f0942bd27847a78e4650248c
[I 2025-01-24 11:41:47.003 ServerApp]     http://127.0.0.1:8888/lab?token=ce6d7b5aec343615a580e9a5f0942bd27847a78e4650248c
[I 2025-01-24 11:41:47.003 ServerApp] Use Control-C to stop this server and shut down all kernels (twice to skip confirmation).
[W 2025-01-24 11:41:47.010 ServerApp] No web browser found: Error('could not locate runnable browser').
[C 2025-01-24 11:41:47.011 ServerApp] 
    
    To access the server, open this file in a browser:
        file:///home/ec2-user/.local/share/jupyter/runtime/jpserver-2743-open.html
    Or copy and paste one of these URLs:
        http://ip-10-0-1-124.ec2.internal:8888/lab?token=ce6d7b5aec343615a580e9a5f0942bd27847a78e4650248c
        http://127.0.0.1:8888/lab?token=ce6d7b5aec343615a580e9a5f0942bd27847a78e4650248c
[I 2025-01-24 11:41:47.615 ServerApp] Skipped non-installed server(s): bash-language-server, dockerfile-language-server-nodejs, javascript-typescript-langserver, jedi-language-server, julia-language-server, pyright, python-language-server, python-lsp-server, r-languageserver, sql-language-server, texlab, typescript-language-server, unified-language-server, vscode-css-languageserver-bin, vscode-html-languageserver-bin, vscode-json-languageserver-bin, yaml-language-server
[I 2025-01-24 11:43:42.817 LabApp] Build is up to date
[I 2025-01-24 11:44:19.278 ServerApp] Writing notebook-signing key to /home/ec2-user/.local/share/jupyter/notebook_secret
[W 2025-01-24 11:44:19.279 ServerApp] Notebook C2_W2_Lab_1_Streaming_Ingestion.ipynb is not trusted
[I 2025-01-24 11:44:20.847 ServerApp] Kernel started: 0b9b2337-7155-4d0b-abe6-0eeb0105bf36
[I 2025-01-24 11:44:21.545 ServerApp] Connecting to kernel 0b9b2337-7155-4d0b-abe6-0eeb0105bf36.
[I 2025-01-24 11:44:32.012 ServerApp] Connecting to kernel 0b9b2337-7155-4d0b-abe6-0eeb0105bf36.
[I 2025-01-24 11:45:20.866 ServerApp] New terminal with automatic name: 1
[I 2025-01-24 11:45:57.559 ServerApp] New terminal with automatic name: 2
[I 2025-01-24 11:46:20.343 ServerApp] Saving file at /C2_W2_Lab_1_Streaming_Ingestion.ipynb
[I 2025-01-24 11:50:21.150 ServerApp] Saving file at /C2_W2_Lab_1_Streaming_Ingestion.ipynb
[I 2025-01-24 11:52:21.955 ServerApp] Saving file at /C2_W2_Lab_1_Streaming_Ingestion.ipynb
[I 2025-01-24 11:58:22.894 ServerApp] Saving file at /C2_W2_Lab_1_Streaming_Ingestion.ipynb
[I 2025-01-24 12:01:36.572 ServerApp] Saving file at /src/etl/consumer.py
[I 2025-01-24 12:03:37.085 ServerApp] Saving file at /src/etl/consumer.py
[I 2025-01-24 12:05:37.600 ServerApp] Saving file at /src/etl/consumer.py
[I 2025-01-24 12:07:38.106 ServerApp] Saving file at /src/etl/consumer.py
[I 2025-01-24 12:09:38.649 ServerApp] Saving file at /src/etl/consumer.py
[I 2025-01-24 12:11:39.141 ServerApp] Saving file at /src/etl/consumer.py
[I 2025-01-24 12:13:35.958 ServerApp] Saving file at /src/etl/consumer.py
[I 2025-01-24 12:13:46.105 ServerApp] New terminal with automatic name: 3
[I 2025-01-24 12:15:10.134 ServerApp] New terminal with automatic name: 4
[I 2025-01-24 12:16:24.005 ServerApp] 302 GET / (@172.168.40.190) 0.50ms
[I 2025-01-24 12:17:00.011 ServerApp] Saving file at /C2_W2_Lab_1_Streaming_Ingestion.ipynb
[I 2025-01-24 12:17:08.951 ServerApp] Starting buffering for 0b9b2337-7155-4d0b-abe6-0eeb0105bf36:ff3c9678-c234-4c5a-9782-30972d5188e4
